G:\YOURLEARNINGWCFPATH\SUDO\SUDO\RELEASE\SUDODLG.OBJ
G:\YOURLEARNINGWCFPATH\SUDO\SUDO\RELEASE\SUDO.OBJ
G:\YOURLEARNINGWCFPATH\SUDO\SUDO\RELEASE\NEWBUTTON.OBJ
G:\YOURLEARNINGWCFPATH\SUDO\SUDO\RELEASE\FETCHBUTTON.OBJ
G:\YOURLEARNINGWCFPATH\SUDO\SUDO\RELEASE\SUDOALGORITHM.OBJ
G:\YOURLEARNINGWCFPATH\SUDO\SUDO\RELEASE\STATICBUTTON.OBJ
G:\YOURLEARNINGWCFPATH\SUDO\SUDO\RELEASE\SUDO.PCH
G:\YOURLEARNINGWCFPATH\SUDO\SUDO\RELEASE\STDAFX.OBJ
G:\YOURLEARNINGWCFPATH\SUDO\SUDO\RELEASE\VC110.PDB
G:\YOURLEARNINGWCFPATH\SUDO\RELEASE\SUDO.EXE
G:\YOURLEARNINGWCFPATH\SUDO\RELEASE\SUDO.PDB
G:\YOURLEARNINGWCFPATH\SUDO\SUDO\RELEASE\SUDO.RES
G:\YourLearningWCFPath\sudo\sudo\Release\FetchButton.obj
G:\YourLearningWCFPath\sudo\sudo\Release\NewButton.obj
G:\YourLearningWCFPath\sudo\sudo\Release\StaticButton.obj
G:\YourLearningWCFPath\sudo\sudo\Release\stdafx.obj
G:\YourLearningWCFPath\sudo\sudo\Release\sudo.obj
G:\YourLearningWCFPath\sudo\sudo\Release\SudoAlgorithm.obj
G:\YourLearningWCFPath\sudo\sudo\Release\sudoDlg.obj
G:\YourLearningWCFPath\sudo\sudo\Release\cl.command.1.tlog
G:\YourLearningWCFPath\sudo\sudo\Release\CL.read.1.tlog
G:\YourLearningWCFPath\sudo\sudo\Release\CL.write.1.tlog
G:\YourLearningWCFPath\sudo\sudo\Release\link-cvtres.read.1.tlog
G:\YourLearningWCFPath\sudo\sudo\Release\link-cvtres.write.1.tlog
G:\YourLearningWCFPath\sudo\sudo\Release\link-mt.read.1.tlog
G:\YourLearningWCFPath\sudo\sudo\Release\link-mt.write.1.tlog
G:\YourLearningWCFPath\sudo\sudo\Release\link-rc.read.1.tlog
G:\YourLearningWCFPath\sudo\sudo\Release\link-rc.write.1.tlog
G:\YourLearningWCFPath\sudo\sudo\Release\link.command.1.tlog
G:\YourLearningWCFPath\sudo\sudo\Release\link.read.1.tlog
G:\YourLearningWCFPath\sudo\sudo\Release\link.read.3.tlog
G:\YourLearningWCFPath\sudo\sudo\Release\link.read.4.tlog
G:\YourLearningWCFPath\sudo\sudo\Release\link.write.1.tlog
G:\YourLearningWCFPath\sudo\sudo\Release\rc.command.1.tlog
G:\YourLearningWCFPath\sudo\sudo\Release\rc.read.1.tlog
G:\YourLearningWCFPath\sudo\sudo\Release\rc.write.1.tlog
G:\YourLearningWCFPath\sudo\sudo\Release\sudo.res
G:\YourLearningWCFPath\sudo\sudo\Release\sudo.pch
G:\YourLearningWCFPath\sudo\sudo\Release\vc110.pdb
G:\YourLearningWCFPath\sudo\Release\sudo.pdb
G:\YourLearningWCFPath\sudo\Release\sudo.exe
